2018-03-22T05:15:43.7120526+13:00  [INF] Starting @angular/cli on port 56322... (8b526698)
2018-03-22T05:15:50.3165909+13:00 0HLCF8S0MCSLO:00000001 [INF] Request starting HTTP/1.1 GET http://localhost:55851/   (ca22a1cb)
2018-03-22T05:15:53.9638889+13:00 0HLCF8S0MCSLO:00000001 [ERR] An unhandled exception has occurred while executing the request (cf926119)
System.InvalidOperationException: Unable to resolve service for type 'OpenIddict.Core.IOpenIddictApplicationStore`1[OpenIddict.Models.OpenIddictApplication]' while attempting to activate 'OpenIddict.Core.OpenIddictApplicationManager`1[OpenIddict.Models.OpenIddictApplication]'.
   at Microsoft.Extensions.DependencyInjection.ServiceLookup.CallSiteFactory.CreateArgumentCallSites(Type serviceType, Type implementationType, ISet`1 callSiteChain, ParameterInfo[] parameters, Boolean throwIfCallSiteNotFound)
   at Microsoft.Extensions.DependencyInjection.ServiceLookup.CallSiteFactory.CreateConstructorCallSite(Type serviceType, Type implementationType, ISet`1 callSiteChain)
   at Microsoft.Extensions.DependencyInjection.ServiceLookup.CallSiteFactory.TryCreateExact(ServiceDescriptor descriptor, Type serviceType, ISet`1 callSiteChain)
   at Microsoft.Extensions.DependencyInjection.ServiceLookup.CallSiteFactory.TryCreateExact(Type serviceType, ISet`1 callSiteChain)
   at Microsoft.Extensions.DependencyInjection.ServiceLookup.CallSiteFactory.CreateCallSite(Type serviceType, ISet`1 callSiteChain)
   at Microsoft.Extensions.DependencyInjection.ServiceLookup.CallSiteFactory.CreateArgumentCallSites(Type serviceType, Type implementationType, ISet`1 callSiteChain, ParameterInfo[] parameters, Boolean throwIfCallSiteNotFound)
   at Microsoft.Extensions.DependencyInjection.ServiceLookup.CallSiteFactory.CreateConstructorCallSite(Type serviceType, Type implementationType, ISet`1 callSiteChain)
   at Microsoft.Extensions.DependencyInjection.ServiceLookup.CallSiteFactory.TryCreateExact(ServiceDescriptor descriptor, Type serviceType, ISet`1 callSiteChain)
   at Microsoft.Extensions.DependencyInjection.ServiceLookup.CallSiteFactory.TryCreateExact(Type serviceType, ISet`1 callSiteChain)
   at Microsoft.Extensions.DependencyInjection.ServiceLookup.CallSiteFactory.CreateCallSite(Type serviceType, ISet`1 callSiteChain)
   at Microsoft.Extensions.DependencyInjection.ServiceProvider.CreateServiceAccessor(Type serviceType, ServiceProvider serviceProvider)
   at System.Collections.Concurrent.ConcurrentDictionaryExtensions.GetOrAdd[TKey,TValue,TArg](ConcurrentDictionary`2 dictionary, TKey key, Func`3 valueFactory, TArg arg)
   at Microsoft.Extensions.DependencyInjection.ServiceProvider.GetService(Type serviceType)
   at Microsoft.Extensions.DependencyInjection.ServiceProviderServiceExtensions.GetRequiredService(IServiceProvider provider, Type serviceType)
   at Microsoft.AspNetCore.Authentication.AuthenticationHandler`1.<InitializeEventsAsync>d__43.MoveNext()
--- End of stack trace from previous location where exception was thrown ---
   at System.Runtime.ExceptionServices.ExceptionDispatchInfo.Throw()
   at System.Runtime.CompilerServices.TaskAwaiter.HandleNonSuccessAndDebuggerNotification(Task task)
   at Microsoft.AspNetCore.Authentication.AuthenticationHandler`1.<InitializeAsync>d__42.MoveNext()
--- End of stack trace from previous location where exception was thrown ---
   at System.Runtime.ExceptionServices.ExceptionDispatchInfo.Throw()
   at System.Runtime.CompilerServices.TaskAwaiter.HandleNonSuccessAndDebuggerNotification(Task task)
   at Microsoft.AspNetCore.Authentication.AuthenticationHandlerProvider.<GetHandlerAsync>d__5.MoveNext()
--- End of stack trace from previous location where exception was thrown ---
   at System.Runtime.ExceptionServices.ExceptionDispatchInfo.Throw()
   at System.Runtime.CompilerServices.TaskAwaiter.HandleNonSuccessAndDebuggerNotification(Task task)
   at System.Runtime.CompilerServices.TaskAwaiter`1.GetResult()
   at Microsoft.AspNetCore.Authentication.AuthenticationMiddleware.<Invoke>d__6.MoveNext()
--- End of stack trace from previous location where exception was thrown ---
   at System.Runtime.ExceptionServices.ExceptionDispatchInfo.Throw()
   at System.Runtime.CompilerServices.TaskAwaiter.HandleNonSuccessAndDebuggerNotification(Task task)
   at Microsoft.AspNetCore.Cors.Infrastructure.CorsMiddleware.<Invoke>d__7.MoveNext()
--- End of stack trace from previous location where exception was thrown ---
   at System.Runtime.ExceptionServices.ExceptionDispatchInfo.Throw()
   at System.Runtime.CompilerServices.TaskAwaiter.HandleNonSuccessAndDebuggerNotification(Task task)
   at Microsoft.AspNetCore.Diagnostics.DeveloperExceptionPageMiddleware.<Invoke>d__7.MoveNext()
2018-03-22T05:15:55.3233175+13:00 0HLCF8S0MCSLO:00000001 [INF] Request finished in 4916.9612ms 500 text/html; charset=utf-8 (791a596a)
2018-03-22T05:15:55.3978685+13:00 0HLCF8S0MCSLO:00000002 [INF] Request starting HTTP/1.1 GET http://localhost:55851/favicon.ico   (ca22a1cb)
2018-03-22T05:15:55.5057060+13:00 0HLCF8S0MCSLO:00000002 [INF] Sending file. Request path: '"/favicon.ico"'. Physical path: '"D:\Development\dotnet\callisto\Quick Application1\Quick_Application1\wwwroot\favicon.ico"' (27b0a520)
2018-03-22T05:15:55.6367934+13:00 0HLCF8S0MCSLO:00000002 [INF] Request finished in 182.6982ms 200 image/x-icon (791a596a)
2018-03-22T05:17:19.6722331+13:00  [INF] Starting @angular/cli on port 56368... (59bd0b74)
2018-03-22T05:17:21.6421192+13:00 0HLCF8SSJPFU7:00000001 [INF] Request starting HTTP/1.1 GET http://localhost:55851/   (ca22a1cb)
2018-03-22T05:17:43.3973106+13:00  [INF] > quickapp@2.5.3 start D:\Development\dotnet\callisto\Quick Application1\Quick_Application1\ClientApp
> ng serve --extract-css "--port" "56368"

** NG Live Development Server is listening on localhost:56368, open your browser on http://localhost:56368/ **
 (0e13b4a4)
2018-03-22T05:18:06.8458324+13:00  [INF] webpack: wait until bundle finished: /
 (4d787c36)
2018-03-22T05:18:38.5643802+13:00  [INF] Date: 2018-03-21T16:18:38.556Z
 (f130621b)
2018-03-22T05:18:39.5097767+13:00  [INF] Hash: a726aa31a3583060ae51
Time: 54869ms
chunk {inline} inline.bundle.js (inline) 3.85 kB [entry] [rendered]
chunk {main} main.bundle.js (main) 1.44 MB [initial] [rendered]
chunk {polyfills} polyfills.bundle.js (polyfills) 676 kB [initial] [rendered]
chunk {scripts} scripts.bundle.js (scripts) 291 kB [initial] [rendered]
chunk {styles} styles.bundle.css (styles) 293 kB [initial] [rendered]
chunk {vendor} vendor.bundle.js (vendor) 15.8 MB [initial] [rendered]

 (6a5c348b)
2018-03-22T05:18:39.6385389+13:00  [INF] webpack: Compiled successfully.
 (f274984e)
2018-03-22T05:18:39.8254291+13:00 0HLCF8SSJPFU7:00000001 [INF] Request finished in 78221.8627ms 200 text/html; charset=UTF-8 (791a596a)
2018-03-22T05:18:40.6234078+13:00 0HLCF8SSJPFU8:00000001 [INF] Request starting HTTP/1.1 GET http://localhost:55851/styles.bundle.css   (ca22a1cb)
2018-03-22T05:18:40.6235074+13:00 0HLCF8SSJPFU7:00000002 [INF] Request starting HTTP/1.1 GET http://localhost:55851/assets/styles-external.css   (ca22a1cb)
2018-03-22T05:18:40.6790357+13:00 0HLCF8SSJPFUA:00000001 [INF] Request starting HTTP/1.1 GET http://localhost:55851/polyfills.bundle.js   (ca22a1cb)
2018-03-22T05:18:40.7138296+13:00 0HLCF8SSJPFUB:00000001 [INF] Request starting HTTP/1.1 GET http://localhost:55851/scripts.bundle.js   (ca22a1cb)
2018-03-22T05:18:41.3725651+13:00 0HLCF8SSJPFU9:00000001 [INF] Request starting HTTP/1.1 GET http://localhost:55851/inline.bundle.js   (ca22a1cb)
2018-03-22T05:18:41.5587889+13:00 0HLCF8SSJPFUC:00000001 [INF] Request starting HTTP/1.1 GET http://localhost:55851/vendor.bundle.js   (ca22a1cb)
2018-03-22T05:18:41.6293130+13:00 0HLCF8SSJPFU7:00000002 [INF] Request finished in 1045.9857ms 200 text/css; charset=UTF-8 (791a596a)
2018-03-22T05:18:41.6871042+13:00 0HLCF8SSJPFU7:00000003 [INF] Request starting HTTP/1.1 GET http://localhost:55851/main.bundle.js   (ca22a1cb)
2018-03-22T05:18:45.0591353+13:00 0HLCF8SSJPFU9:00000001 [INF] Request finished in 3899.8429ms 200 application/javascript; charset=UTF-8 (791a596a)
2018-03-22T05:18:45.1090765+13:00 0HLCF8SSJPFUA:00000001 [INF] Request finished in 3321.0265ms 200 application/javascript; charset=UTF-8 (791a596a)
2018-03-22T05:18:45.1284521+13:00 0HLCF8SSJPFUB:00000001 [INF] Request finished in 4509.273ms 200 application/javascript; charset=UTF-8 (791a596a)
2018-03-22T05:18:46.0598096+13:00 0HLCF8SSJPFU8:00000001 [INF] Request finished in 4813.5089ms 200 text/css; charset=UTF-8 (791a596a)
2018-03-22T05:18:46.1881328+13:00 0HLCF8SSJPFU7:00000003 [INF] Request finished in 4234.7986ms 200 application/javascript; charset=UTF-8 (791a596a)
2018-03-22T05:18:49.8874484+13:00 0HLCF8SSJPFUC:00000001 [INF] Request finished in 9281.7795ms 200 application/javascript; charset=UTF-8 (791a596a)
2018-03-22T05:18:58.7753772+13:00 0HLCF8SSJPFUA:00000002 [INF] Request starting HTTP/1.1 GET http://localhost:55851/glyphicons-halflings-regular.448c34a56d699c29117a.woff2   (ca22a1cb)
2018-03-22T05:18:58.9265011+13:00 0HLCF8SSJPFU9:00000002 [INF] Request starting HTTP/1.1 GET http://localhost:55851/sockjs-node/info?t=1521649138850   (ca22a1cb)
2018-03-22T05:18:59.9246723+13:00 0HLCF8SSJPFUA:00000002 [INF] Request finished in 1112.5717ms 200 font/woff2; charset=UTF-8 (791a596a)
2018-03-22T05:19:00.0966131+13:00 0HLCF8SSJPFU9:00000002 [INF] Request finished in 1157.1446ms 200 application/json; charset=UTF-8 (791a596a)
2018-03-22T05:19:00.1114105+13:00 0HLCF8SSJPFUB:00000002 [INF] Request starting HTTP/1.1 GET http://localhost:55851/sockjs-node/247/nolg5maa/websocket   (ca22a1cb)
2018-03-22T05:19:00.1209006+13:00 0HLCF8SSJPFUB:00000002 [INF] Policy execution successful. (0204925d)
2018-03-22T05:20:26.7294712+13:00  [INF] Starting @angular/cli on port 56634... (0d690527)
2018-03-22T05:20:28.8408251+13:00 0HLCF8UKFL7L3:00000001 [INF] Request starting HTTP/1.1 GET http://localhost:55851/   (ca22a1cb)
2018-03-22T05:20:46.4720364+13:00  [INF] > quickapp@2.5.3 start D:\Development\dotnet\callisto\Quick Application1\Quick_Application1\ClientApp
> ng serve --extract-css "--port" "56634"

** NG Live Development Server is listening on localhost:56634, open your browser on http://localhost:56634/ **
 (5273af5e)
2018-03-22T05:21:20.3609263+13:00 0HLCF8UKFL7L3:00000001 [ERR] An unhandled exception has occurred while executing the request (cf926119)
System.TimeoutException: The Angular CLI process did not start listening for requests within the timeout period of 50 seconds. Check the log output for error information.
   at Microsoft.AspNetCore.SpaServices.Extensions.Util.TaskTimeoutExtensions.<WithTimeout>d__1`1.MoveNext()
--- End of stack trace from previous location where exception was thrown ---
   at System.Runtime.ExceptionServices.ExceptionDispatchInfo.Throw()
   at System.Runtime.CompilerServices.TaskAwaiter.HandleNonSuccessAndDebuggerNotification(Task task)
   at Microsoft.AspNetCore.SpaServices.Extensions.Proxy.SpaProxy.<PerformProxyRequest>d__4.MoveNext()
--- End of stack trace from previous location where exception was thrown ---
   at System.Runtime.ExceptionServices.ExceptionDispatchInfo.Throw()
   at System.Runtime.CompilerServices.TaskAwaiter.HandleNonSuccessAndDebuggerNotification(Task task)
   at Microsoft.AspNetCore.Builder.SpaProxyingExtensions.<>c__DisplayClass2_0.<<UseProxyToSpaDevelopmentServer>b__0>d.MoveNext()
--- End of stack trace from previous location where exception was thrown ---
   at System.Runtime.ExceptionServices.ExceptionDispatchInfo.Throw()
   at System.Runtime.CompilerServices.TaskAwaiter.HandleNonSuccessAndDebuggerNotification(Task task)
   at Microsoft.AspNetCore.Builder.RouterMiddleware.<Invoke>d__4.MoveNext()
--- End of stack trace from previous location where exception was thrown ---
   at System.Runtime.ExceptionServices.ExceptionDispatchInfo.Throw()
   at System.Runtime.CompilerServices.TaskAwaiter.HandleNonSuccessAndDebuggerNotification(Task task)
   at Swashbuckle.AspNetCore.SwaggerUI.SwaggerUIIndexMiddleware.<Invoke>d__3.MoveNext()
--- End of stack trace from previous location where exception was thrown ---
   at System.Runtime.ExceptionServices.ExceptionDispatchInfo.Throw()
   at System.Runtime.CompilerServices.TaskAwaiter.HandleNonSuccessAndDebuggerNotification(Task task)
   at Swashbuckle.AspNetCore.Swagger.SwaggerMiddleware.<Invoke>d__6.MoveNext()
--- End of stack trace from previous location where exception was thrown ---
   at System.Runtime.ExceptionServices.ExceptionDispatchInfo.Throw()
   at System.Runtime.CompilerServices.TaskAwaiter.HandleNonSuccessAndDebuggerNotification(Task task)
   at Microsoft.AspNetCore.Authentication.AuthenticationMiddleware.<Invoke>d__6.MoveNext()
--- End of stack trace from previous location where exception was thrown ---
   at System.Runtime.ExceptionServices.ExceptionDispatchInfo.Throw()
   at System.Runtime.CompilerServices.TaskAwaiter.HandleNonSuccessAndDebuggerNotification(Task task)
   at Microsoft.AspNetCore.Cors.Infrastructure.CorsMiddleware.<Invoke>d__7.MoveNext()
--- End of stack trace from previous location where exception was thrown ---
   at System.Runtime.ExceptionServices.ExceptionDispatchInfo.Throw()
   at System.Runtime.CompilerServices.TaskAwaiter.HandleNonSuccessAndDebuggerNotification(Task task)
   at Microsoft.AspNetCore.Diagnostics.DeveloperExceptionPageMiddleware.<Invoke>d__7.MoveNext()
2018-03-22T05:21:20.5929781+13:00 0HLCF8UKFL7L3:00000001 [INF] Request finished in 51828.1572ms 500 text/html; charset=utf-8 (791a596a)
2018-03-22T05:52:33.0955458+13:00  [INF] Starting @angular/cli on port 57099... (71e7d268)
2018-03-22T05:52:35.4558798+13:00 0HLCF9GIO9648:00000001 [INF] Request starting HTTP/1.1 GET http://localhost:55851/   (ca22a1cb)
2018-03-22T05:53:26.0721415+13:00 0HLCF9GIO9648:00000001 [ERR] An unhandled exception has occurred while executing the request (cf926119)
System.TimeoutException: The Angular CLI process did not start listening for requests within the timeout period of 50 seconds. Check the log output for error information.
   at Microsoft.AspNetCore.SpaServices.Extensions.Util.TaskTimeoutExtensions.<WithTimeout>d__1`1.MoveNext()
--- End of stack trace from previous location where exception was thrown ---
   at System.Runtime.ExceptionServices.ExceptionDispatchInfo.Throw()
   at System.Runtime.CompilerServices.TaskAwaiter.HandleNonSuccessAndDebuggerNotification(Task task)
   at Microsoft.AspNetCore.SpaServices.Extensions.Proxy.SpaProxy.<PerformProxyRequest>d__4.MoveNext()
--- End of stack trace from previous location where exception was thrown ---
   at System.Runtime.ExceptionServices.ExceptionDispatchInfo.Throw()
   at System.Runtime.CompilerServices.TaskAwaiter.HandleNonSuccessAndDebuggerNotification(Task task)
   at Microsoft.AspNetCore.Builder.SpaProxyingExtensions.<>c__DisplayClass2_0.<<UseProxyToSpaDevelopmentServer>b__0>d.MoveNext()
--- End of stack trace from previous location where exception was thrown ---
   at System.Runtime.ExceptionServices.ExceptionDispatchInfo.Throw()
   at System.Runtime.CompilerServices.TaskAwaiter.HandleNonSuccessAndDebuggerNotification(Task task)
   at Microsoft.AspNetCore.Builder.RouterMiddleware.<Invoke>d__4.MoveNext()
--- End of stack trace from previous location where exception was thrown ---
   at System.Runtime.ExceptionServices.ExceptionDispatchInfo.Throw()
   at System.Runtime.CompilerServices.TaskAwaiter.HandleNonSuccessAndDebuggerNotification(Task task)
   at Swashbuckle.AspNetCore.SwaggerUI.SwaggerUIIndexMiddleware.<Invoke>d__3.MoveNext()
--- End of stack trace from previous location where exception was thrown ---
   at System.Runtime.ExceptionServices.ExceptionDispatchInfo.Throw()
   at System.Runtime.CompilerServices.TaskAwaiter.HandleNonSuccessAndDebuggerNotification(Task task)
   at Swashbuckle.AspNetCore.Swagger.SwaggerMiddleware.<Invoke>d__6.MoveNext()
--- End of stack trace from previous location where exception was thrown ---
   at System.Runtime.ExceptionServices.ExceptionDispatchInfo.Throw()
   at System.Runtime.CompilerServices.TaskAwaiter.HandleNonSuccessAndDebuggerNotification(Task task)
   at Microsoft.AspNetCore.Authentication.AuthenticationMiddleware.<Invoke>d__6.MoveNext()
--- End of stack trace from previous location where exception was thrown ---
   at System.Runtime.ExceptionServices.ExceptionDispatchInfo.Throw()
   at System.Runtime.CompilerServices.TaskAwaiter.HandleNonSuccessAndDebuggerNotification(Task task)
   at Microsoft.AspNetCore.Cors.Infrastructure.CorsMiddleware.<Invoke>d__7.MoveNext()
--- End of stack trace from previous location where exception was thrown ---
   at System.Runtime.ExceptionServices.ExceptionDispatchInfo.Throw()
   at System.Runtime.CompilerServices.TaskAwaiter.HandleNonSuccessAndDebuggerNotification(Task task)
   at Microsoft.AspNetCore.Diagnostics.DeveloperExceptionPageMiddleware.<Invoke>d__7.MoveNext()
2018-03-22T05:53:26.4131798+13:00 0HLCF9GIO9648:00000001 [INF] Request finished in 50997.0989ms 500 text/html; charset=utf-8 (791a596a)
2018-03-22T05:53:33.4727047+13:00  [INF] > quickapp@2.5.3 start D:\Development\dotnet\callisto\Quick Application1\Quick_Application1\ClientApp
> ng serve --extract-css "--port" "57099"

** NG Live Development Server is listening on localhost:57099, open your browser on http://localhost:57099/ **
 (8ab32dd4)
